#
# There is insufficient memory for the Java Runtime Environment to continue.
# Native memory allocation (malloc) failed to allocate 1203232 bytes for Chunk::new
# Possible reasons:
#   The system is out of physical RAM or swap space
#   The process is running with CompressedOops enabled, and the Java Heap may be blocking the growth of the native heap
# Possible solutions:
#   Reduce memory load on the system
#   Increase physical memory or swap space
#   Check if swap backing store is full
#   Decrease Java heap size (-Xmx/-Xms)
#   Decrease number of Java threads
#   Decrease Java thread stack sizes (-Xss)
#   Set larger code cache with -XX:ReservedCodeCacheSize=
#   JVM is running with Unscaled Compressed Oops mode in which the Java heap is
#     placed in the first 4GB address space. The Java Heap base address is the
#     maximum limit for the native heap growth. Please use -XX:HeapBaseMinAddress
#     to set the Java Heap base and to place the Java Heap above 4GB virtual address.
# This output file may be truncated or incomplete.
#
#  Out of Memory Error (allocation.cpp:389), pid=13036, tid=0x0000000000002b60
#
# JRE version: Java(TM) SE Runtime Environment (8.0_251-b08) (build 1.8.0_251-b08)
# Java VM: Java HotSpot(TM) 64-Bit Server VM (25.251-b08 mixed mode windows-amd64 compressed oops)
# Failed to write core dump. Minidumps are not enabled by default on client versions of Windows
#

---------------  T H R E A D  ---------------

Current thread (0x0000000017e3e800):  JavaThread "C2 CompilerThread1" daemon [_thread_in_native, id=11104, stack(0x0000000019590000,0x0000000019690000)]

Stack: [0x0000000019590000,0x0000000019690000]
[error occurred during error reporting (printing stack bounds), id 0xc0000005]

Native frames: (J=compiled Java code, j=interpreted, Vv=VM code, C=native code)


Current CompileTask:
C2:   8381 3156       4       org.springframework.beans.factory.support.AbstractBeanFactory::isTypeMatch (607 bytes)


---------------  P R O C E S S  ---------------

Java Threads: ( => current thread )
  0x000000001a078000 JavaThread "task-1" [_thread_in_Java, id=2860, stack(0x000000001f4e0000,0x000000001f5e0000)]
  0x000000001cc98800 JavaThread "mysql-cj-abandoned-connection-cleanup" daemon [_thread_blocked, id=8240, stack(0x000000001ef00000,0x000000001f000000)]
  0x000000001cc9d800 JavaThread "container-0" [_thread_blocked, id=8912, stack(0x000000001ddb0000,0x000000001deb0000)]
  0x000000001e78c000 JavaThread "Catalina-utility-2" [_thread_blocked, id=11624, stack(0x000000001dcb0000,0x000000001ddb0000)]
  0x000000001ce12800 JavaThread "Catalina-utility-1" [_thread_blocked, id=12500, stack(0x000000001a8d0000,0x000000001a9d0000)]
  0x000000001a0be800 JavaThread "restartedMain" [_thread_blocked, id=12496, stack(0x000000001a7d0000,0x000000001a8d0000)]
  0x000000001a0be000 JavaThread "Thread-0" [_thread_blocked, id=856, stack(0x000000001a6d0000,0x000000001a7d0000)]
  0x0000000017e8e800 JavaThread "Service Thread" daemon [_thread_blocked, id=9976, stack(0x0000000019b90000,0x0000000019c90000)]
  0x0000000017e46000 JavaThread "C1 CompilerThread2" daemon [_thread_blocked, id=11500, stack(0x0000000019690000,0x0000000019790000)]
=>0x0000000017e3e800 JavaThread "C2 CompilerThread1" daemon [_thread_in_native, id=11104, stack(0x0000000019590000,0x0000000019690000)]
  0x0000000017e36000 JavaThread "C2 CompilerThread0" daemon [_thread_in_native, id=5116, stack(0x0000000019490000,0x0000000019590000)]
  0x0000000017e33800 JavaThread "Attach Listener" daemon [_thread_blocked, id=1048, stack(0x0000000019390000,0x0000000019490000)]
  0x0000000017e32800 JavaThread "Signal Dispatcher" daemon [_thread_blocked, id=2944, stack(0x0000000019290000,0x0000000019390000)]
  0x0000000017e20000 JavaThread "Finalizer" daemon [_thread_blocked, id=12312, stack(0x0000000019090000,0x0000000019190000)]
  0x0000000017df9000 JavaThread "Reference Handler" daemon [_thread_blocked, id=11772, stack(0x0000000018f90000,0x0000000019090000)]
  0x0000000003205000 JavaThread "main" [_thread_blocked, id=5356, stack(0x0000000003100000,0x0000000003200000)]

Other Threads:
  0x0000000017df7800 VMThread [stack: 0x0000000018e90000,0x0000000018f90000] [id=9304]
  0x00000000197e2800 WatcherThread [stack: 0x0000000019c90000,0x0000000019d90000] [id=13664]

VM state:not at safepoint (normal execution)

VM Mutex/Monitor currently owned by a thread: None

heap address: 0x0000000081c00000, size: 2020 MB, Compressed Oops mode: 32-bit
Narrow klass base: 0x0000000000000000, Narrow klass shift: 3
Compressed class space size: 1073741824 Address: 0x0000000100000000

Heap:
 PSYoungGen      total 140288K, used 83935K [0x00000000d5f00000, 0x00000000e4600000, 0x0000000100000000)
  eden space 131584K, 57% used [0x00000000d5f00000,0x00000000da878cb0,0x00000000ddf80000)
  from space 8704K, 99% used [0x00000000de980000,0x00000000df1ff0f8,0x00000000df200000)
  to   space 10240K, 0% used [0x00000000ddf80000,0x00000000ddf80000,0x00000000de980000)
 ParOldGen       total 53248K, used 7260K [0x0000000081c00000, 0x0000000085000000, 0x00000000d5f00000)
  object space 53248K, 13% used [0x0000000081c00000,0x00000000823171c8,0x0000000085000000)
 Metaspace       used 32801K, capacity 34746K, committed 34944K, reserved 1079296K
  class space    used 4274K, capacity 4657K, committed 4736K, reserved 1048576K

Card table byte_map: [0x00000000126c0000,0x0000000012ac0000] byte_map_base: 0x00000000122b2000

Marking Bits: (ParMarkBitMap*) 0x0000000057c7af90
 Begin Bits: [0x0000000013170000, 0x0000000015100000)
 End Bits:   [0x0000000015100000, 0x0000000017090000)

Polling page: 0x0000000002f20000

CodeCache: size=245760Kb used=10099Kb max_used=10776Kb free=235660Kb
 bounds [0x0000000003300000, 0x0000000003db0000, 0x0000000012300000]
 total_blobs=3304 nmethods=2910 adapters=306
 compilation: enabled

Compilation events (10 events):
Event: 8.297 Thread 0x0000000017e46000 3267       3       java.lang.invoke.InnerClassLambdaMetafactory$ForwardingMethodGenerator::convertArgumentTypes (197 bytes)
Event: 8.300 Thread 0x0000000017e46000 nmethod 3267 0x0000000003496290 code [0x0000000003496560, 0x0000000003497bd8]
Event: 8.300 Thread 0x0000000017e46000 3265       3       java.lang.invoke.AbstractValidatingLambdaMetafactory::isAdaptableToAsReturnStrict (26 bytes)
Event: 8.300 Thread 0x0000000017e46000 nmethod 3265 0x000000000358e990 code [0x000000000358eb20, 0x000000000358ef88]
Event: 8.300 Thread 0x0000000017e46000 3266   !   3       java.lang.invoke.InnerClassLambdaMetafactory::buildCallSite (156 bytes)
Event: 8.303 Thread 0x0000000017e46000 nmethod 3266 0x0000000003439550 code [0x00000000034398a0, 0x000000000343b2e8]
Event: 8.303 Thread 0x0000000017e46000 3268       3       java.lang.invoke.InnerClassLambdaMetafactory::getReturnOpcode (20 bytes)
Event: 8.303 Thread 0x0000000017e46000 nmethod 3268 0x00000000039f8250 code [0x00000000039f83c0, 0x00000000039f8588]
Event: 8.337 Thread 0x0000000017e46000 3269       3       java.lang.invoke.InnerClassLambdaMetafactory$ForwardingMethodGenerator::generate (176 bytes)
Event: 8.339 Thread 0x0000000017e46000 nmethod 3269 0x0000000003540190 code [0x0000000003540460, 0x0000000003541b98]

GC Heap History (10 events):
Event: 3.451 GC heap before
{Heap before GC invocations=5 (full 0):
 PSYoungGen      total 71680K, used 71669K [0x00000000d5f00000, 0x00000000daa00000, 0x0000000100000000)
  eden space 66560K, 100% used [0x00000000d5f00000,0x00000000da000000,0x00000000da000000)
  from space 5120K, 99% used [0x00000000da500000,0x00000000da9fd488,0x00000000daa00000)
  to   space 5120K, 0% used [0x00000000da000000,0x00000000da000000,0x00000000da500000)
 ParOldGen       total 87552K, used 2620K [0x0000000081c00000, 0x0000000087180000, 0x00000000d5f00000)
  object space 87552K, 2% used [0x0000000081c00000,0x0000000081e8f2f0,0x0000000087180000)
 Metaspace       used 19041K, capacity 19724K, committed 20096K, reserved 1067008K
  class space    used 2393K, capacity 2573K, committed 2688K, reserved 1048576K
Event: 3.461 GC heap after
Heap after GC invocations=5 (full 0):
 PSYoungGen      total 71680K, used 5098K [0x00000000d5f00000, 0x00000000df200000, 0x0000000100000000)
  eden space 66560K, 0% used [0x00000000d5f00000,0x00000000d5f00000,0x00000000da000000)
  from space 5120K, 99% used [0x00000000da000000,0x00000000da4faa30,0x00000000da500000)
  to   space 8704K, 0% used [0x00000000de980000,0x00000000de980000,0x00000000df200000)
 ParOldGen       total 87552K, used 4314K [0x0000000081c00000, 0x0000000087180000, 0x00000000d5f00000)
  object space 87552K, 4% used [0x0000000081c00000,0x0000000082036b20,0x0000000087180000)
 Metaspace       used 19041K, capacity 19724K, committed 20096K, reserved 1067008K
  class space    used 2393K, capacity 2573K, committed 2688K, reserved 1048576K
}
Event: 3.896 GC heap before
{Heap before GC invocations=6 (full 0):
 PSYoungGen      total 71680K, used 71658K [0x00000000d5f00000, 0x00000000df200000, 0x0000000100000000)
  eden space 66560K, 100% used [0x00000000d5f00000,0x00000000da000000,0x00000000da000000)
  from space 5120K, 99% used [0x00000000da000000,0x00000000da4faa30,0x00000000da500000)
  to   space 8704K, 0% used [0x00000000de980000,0x00000000de980000,0x00000000df200000)
 ParOldGen       total 87552K, used 4314K [0x0000000081c00000, 0x0000000087180000, 0x00000000d5f00000)
  object space 87552K, 4% used [0x0000000081c00000,0x0000000082036b20,0x0000000087180000)
 Metaspace       used 19724K, capacity 20552K, committed 20608K, reserved 1067008K
  class space    used 2460K, capacity 2658K, committed 2688K, reserved 1048576K
Event: 3.906 GC heap after
Heap after GC invocations=6 (full 0):
 PSYoungGen      total 141312K, used 6622K [0x00000000d5f00000, 0x00000000df300000, 0x0000000100000000)
  eden space 132608K, 0% used [0x00000000d5f00000,0x00000000d5f00000,0x00000000de080000)
  from space 8704K, 76% used [0x00000000de980000,0x00000000deff7a88,0x00000000df200000)
  to   space 9216K, 0% used [0x00000000de080000,0x00000000de080000,0x00000000de980000)
 ParOldGen       total 87552K, used 4322K [0x0000000081c00000, 0x0000000087180000, 0x00000000d5f00000)
  object space 87552K, 4% used [0x0000000081c00000,0x0000000082038b20,0x0000000087180000)
 Metaspace       used 19724K, capacity 20552K, committed 20608K, reserved 1067008K
  class space    used 2460K, capacity 2658K, committed 2688K, reserved 1048576K
}
Event: 4.177 GC heap before
{Heap before GC invocations=7 (full 0):
 PSYoungGen      total 141312K, used 92699K [0x00000000d5f00000, 0x00000000df300000, 0x0000000100000000)
  eden space 132608K, 64% used [0x00000000d5f00000,0x00000000db30f1e0,0x00000000de080000)
  from space 8704K, 76% used [0x00000000de980000,0x00000000deff7a88,0x00000000df200000)
  to   space 9216K, 0% used [0x00000000de080000,0x00000000de080000,0x00000000de980000)
 ParOldGen       total 87552K, used 4322K [0x0000000081c00000, 0x0000000087180000, 0x00000000d5f00000)
  object space 87552K, 4% used [0x0000000081c00000,0x0000000082038b20,0x0000000087180000)
 Metaspace       used 20374K, capacity 21158K, committed 21248K, reserved 1067008K
  class space    used 2539K, capacity 2737K, committed 2816K, reserved 1048576K
Event: 4.188 GC heap after
Heap after GC invocations=7 (full 0):
 PSYoungGen      total 141824K, used 4483K [0x00000000d5f00000, 0x00000000df300000, 0x0000000100000000)
  eden space 132608K, 0% used [0x00000000d5f00000,0x00000000d5f00000,0x00000000de080000)
  from space 9216K, 48% used [0x00000000de080000,0x00000000de4e0fe0,0x00000000de980000)
  to   space 8704K, 0% used [0x00000000de980000,0x00000000de980000,0x00000000df200000)
 ParOldGen       total 87552K, used 6066K [0x0000000081c00000, 0x0000000087180000, 0x00000000d5f00000)
  object space 87552K, 6% used [0x0000000081c00000,0x00000000821ec868,0x0000000087180000)
 Metaspace       used 20374K, capacity 21158K, committed 21248K, reserved 1067008K
  class space    used 2539K, capacity 2737K, committed 2816K, reserved 1048576K
}
Event: 4.188 GC heap before
{Heap before GC invocations=8 (full 1):
 PSYoungGen      total 141824K, used 4483K [0x00000000d5f00000, 0x00000000df300000, 0x0000000100000000)
  eden space 132608K, 0% used [0x00000000d5f00000,0x00000000d5f00000,0x00000000de080000)
  from space 9216K, 48% used [0x00000000de080000,0x00000000de4e0fe0,0x00000000de980000)
  to   space 8704K, 0% used [0x00000000de980000,0x00000000de980000,0x00000000df200000)
 ParOldGen       total 87552K, used 6066K [0x0000000081c00000, 0x0000000087180000, 0x00000000d5f00000)
  object space 87552K, 6% used [0x0000000081c00000,0x00000000821ec868,0x0000000087180000)
 Metaspace       used 20374K, capacity 21158K, committed 21248K, reserved 1067008K
  class space    used 2539K, capacity 2737K, committed 2816K, reserved 1048576K
Event: 4.236 GC heap after
Heap after GC invocations=8 (full 1):
 PSYoungGen      total 141824K, used 0K [0x00000000d5f00000, 0x00000000df300000, 0x0000000100000000)
  eden space 132608K, 0% used [0x00000000d5f00000,0x00000000d5f00000,0x00000000de080000)
  from space 9216K, 0% used [0x00000000de080000,0x00000000de080000,0x00000000de980000)
  to   space 8704K, 0% used [0x00000000de980000,0x00000000de980000,0x00000000df200000)
 ParOldGen       total 53248K, used 6034K [0x0000000081c00000, 0x0000000085000000, 0x00000000d5f00000)
  object space 53248K, 11% used [0x0000000081c00000,0x00000000821e4bb8,0x0000000085000000)
 Metaspace       used 20372K, capacity 21152K, committed 21248K, reserved 1067008K
  class space    used 2539K, capacity 2736K, committed 2816K, reserved 1048576K
}
Event: 6.467 GC heap before
{Heap before GC invocations=9 (full 1):
 PSYoungGen      total 141824K, used 132608K [0x00000000d5f00000, 0x00000000df300000, 0x0000000100000000)
  eden space 132608K, 100% used [0x00000000d5f00000,0x00000000de080000,0x00000000de080000)
  from space 9216K, 0% used [0x00000000de080000,0x00000000de080000,0x00000000de980000)
  to   space 8704K, 0% used [0x00000000de980000,0x00000000de980000,0x00000000df200000)
 ParOldGen       total 53248K, used 6034K [0x0000000081c00000, 0x0000000085000000, 0x00000000d5f00000)
  object space 53248K, 11% used [0x0000000081c00000,0x00000000821e4bb8,0x0000000085000000)
 Metaspace       used 27883K, capacity 29586K, committed 29824K, reserved 1075200K
  class space    used 3590K, capacity 3882K, committed 3968K, reserved 1048576K
Event: 6.483 GC heap after
Heap after GC invocations=9 (full 1):
 PSYoungGen      total 140288K, used 8700K [0x00000000d5f00000, 0x00000000e4600000, 0x0000000100000000)
  eden space 131584K, 0% used [0x00000000d5f00000,0x00000000d5f00000,0x00000000ddf80000)
  from space 8704K, 99% used [0x00000000de980000,0x00000000df1ff0f8,0x00000000df200000)
  to   space 10240K, 0% used [0x00000000ddf80000,0x00000000ddf80000,0x00000000de980000)
 ParOldGen       total 53248K, used 7260K [0x0000000081c00000, 0x0000000085000000, 0x00000000d5f00000)
  object space 53248K, 13% used [0x0000000081c00000,0x00000000823171c8,0x0000000085000000)
 Metaspace       used 27883K, capacity 29586K, committed 29824K, reserved 1075200K
  class space    used 3590K, capacity 3882K, committed 3968K, reserved 1048576K
}

Deoptimization events (10 events):
Event: 6.825 Thread 0x000000001a0be800 Uncommon trap: reason=unstable_if action=reinterpret pc=0x000000000365fa08 method=java.lang.AbstractStringBuilder.append(Ljava/lang/String;)Ljava/lang/AbstractStringBuilder; @ 1
Event: 6.833 Thread 0x000000001a0be800 Uncommon trap: reason=unstable_if action=reinterpret pc=0x0000000003c5cfe8 method=org.springframework.boot.context.properties.source.ConfigurationPropertyName$ElementsParser.add(IILorg/springframework/boot/context/properties/source/ConfigurationPropertyNa
Event: 7.820 Thread 0x000000001a0be800 Uncommon trap: reason=class_check action=maybe_recompile pc=0x0000000003c76f84 method=org.springframework.beans.factory.support.AbstractBeanFactory.isTypeMatch(Ljava/lang/String;Lorg/springframework/core/ResolvableType;Z)Z @ 53
Event: 7.860 Thread 0x000000001a0be800 Uncommon trap: reason=class_check action=maybe_recompile pc=0x0000000003c9fcac method=java.lang.reflect.Method.equals(Ljava/lang/Object;)Z @ 5
Event: 7.867 Thread 0x000000001a0be800 Uncommon trap: reason=class_check action=maybe_recompile pc=0x0000000003c76f84 method=org.springframework.beans.factory.support.AbstractBeanFactory.isTypeMatch(Ljava/lang/String;Lorg/springframework/core/ResolvableType;Z)Z @ 53
Event: 7.867 Thread 0x000000001a0be800 Uncommon trap: reason=class_check action=maybe_recompile pc=0x0000000003c76f84 method=org.springframework.beans.factory.support.AbstractBeanFactory.isTypeMatch(Ljava/lang/String;Lorg/springframework/core/ResolvableType;Z)Z @ 53
Event: 7.873 Thread 0x000000001a0be800 Uncommon trap: reason=class_check action=maybe_recompile pc=0x0000000003c76f84 method=org.springframework.beans.factory.support.AbstractBeanFactory.isTypeMatch(Ljava/lang/String;Lorg/springframework/core/ResolvableType;Z)Z @ 53
Event: 8.154 Thread 0x000000001a0be800 Uncommon trap: reason=unstable_if action=reinterpret pc=0x000000000351ea5c method=org.springframework.core.annotation.TypeMappedAnnotations$MergedAnnotationFinder.doWithAnnotations(Ljava/lang/Object;ILjava/lang/Object;[Ljava/lang/annotation/Annotation;)Lo
Event: 8.157 Thread 0x000000001a0be800 Uncommon trap: reason=unstable_if action=reinterpret pc=0x0000000003a70f0c method=org.springframework.beans.factory.support.AbstractAutowireCapableBeanFactory.determineTargetType(Ljava/lang/String;Lorg/springframework/beans/factory/support/RootBeanDefinit
Event: 8.178 Thread 0x000000001a0be800 Uncommon trap: reason=unstable_if action=reinterpret pc=0x000000000393ffc0 method=org.springframework.asm.ClassReader.readUtf(II[C)Ljava/lang/String; @ 41

Classes redefined (0 events):
No events

Internal exceptions (10 events):
Event: 8.142 Thread 0x000000001a0be800 Exception <a 'java/lang/ClassNotFoundException': org/springframework/beans/factory/AwareCustomizer> (0x00000000d9fb9e40) thrown at [C:\jenkins\workspace\8-2-build-windows-amd64-cygwin\jdk8u251\737\hotspot\src\share\vm\classfile\systemDictionary.cpp, line 
Event: 8.143 Thread 0x000000001a0be800 Exception <a 'java/lang/ClassNotFoundException': org/springframework/beans/factory/BeanFactoryAwareCustomizer> (0x00000000d9fcff38) thrown at [C:\jenkins\workspace\8-2-build-windows-amd64-cygwin\jdk8u251\737\hotspot\src\share\vm\classfile\systemDictionary
Event: 8.145 Thread 0x000000001a0be800 Exception <a 'java/lang/ClassNotFoundException': org/springframework/beans/factory/AwareCustomizer> (0x00000000d9fe4f20) thrown at [C:\jenkins\workspace\8-2-build-windows-amd64-cygwin\jdk8u251\737\hotspot\src\share\vm\classfile\systemDictionary.cpp, line 
Event: 8.146 Thread 0x000000001a0be800 Exception <a 'java/lang/ClassNotFoundException': org/springframework/context/ApplicationEventPublisherAwareCustomizer> (0x00000000d9ffcab8) thrown at [C:\jenkins\workspace\8-2-build-windows-amd64-cygwin\jdk8u251\737\hotspot\src\share\vm\classfile\systemDi
Event: 8.147 Thread 0x000000001a0be800 Exception <a 'java/lang/ClassNotFoundException': org/springframework/beans/factory/AwareCustomizer> (0x00000000da011c48) thrown at [C:\jenkins\workspace\8-2-build-windows-amd64-cygwin\jdk8u251\737\hotspot\src\share\vm\classfile\systemDictionary.cpp, line 
Event: 8.160 Thread 0x000000001a0be800 Exception <a 'java/lang/ClassNotFoundException': java/lang/ObjectCustomizer> (0x00000000da12c750) thrown at [C:\jenkins\workspace\8-2-build-windows-amd64-cygwin\jdk8u251\737\hotspot\src\share\vm\classfile\systemDictionary.cpp, line 210]
Event: 8.162 Thread 0x000000001a0be800 Exception <a 'java/lang/ClassNotFoundException': org/springframework/core/io/support/PropertiesLoaderSupportCustomizer> (0x00000000da148c18) thrown at [C:\jenkins\workspace\8-2-build-windows-amd64-cygwin\jdk8u251\737\hotspot\src\share\vm\classfile\systemD
Event: 8.167 Thread 0x000000001a0be800 Exception <a 'java/lang/ClassNotFoundException': org/springframework/beans/factory/config/PropertiesFactoryBeanCustomizer> (0x00000000da16b490) thrown at [C:\jenkins\workspace\8-2-build-windows-amd64-cygwin\jdk8u251\737\hotspot\src\share\vm\classfile\syst
Event: 8.173 Thread 0x000000001a0be800 Exception <a 'java/lang/ClassNotFoundException': org/springframework/beans/factory/FactoryBeanCustomizer> (0x00000000da196b48) thrown at [C:\jenkins\workspace\8-2-build-windows-amd64-cygwin\jdk8u251\737\hotspot\src\share\vm\classfile\systemDictionary.cpp,
Event: 8.175 Thread 0x000000001a0be800 Exception <a 'java/lang/ClassNotFoundException': org/springframework/beans/factory/InitializingBeanCustomizer> (0x00000000da1b09f8) thrown at [C:\jenkins\workspace\8-2-build-windows-amd64-cygwin\jdk8u251\737\hotspot\src\share\vm\classfile\systemDictionary

Events (10 events):
Event: 8.373 loading class net/bytebuddy/implementation/bytecode/StackManipulation$Compound
Event: 8.373 loading class net/bytebuddy/implementation/bytecode/StackManipulation$Compound done
Event: 8.374 loading class net/bytebuddy/implementation/bind/annotation/Super$Binder
Event: 8.374 loading class net/bytebuddy/implementation/bind/annotation/Super$Binder done
Event: 8.376 loading class net/bytebuddy/implementation/bind/annotation/Super
Event: 8.376 loading class net/bytebuddy/implementation/bind/annotation/Super done
Event: 8.377 loading class net/bytebuddy/description/method/MethodList$ForLoadedMethods
Event: 8.377 loading class net/bytebuddy/description/method/MethodList$ForLoadedMethods done
Event: 8.377 loading class net/bytebuddy/description/method/MethodList$AbstractBase
Event: 8.377 loading class net/bytebuddy/description/method/MethodList$AbstractBase done


Dynamic libraries:
0x00007ff6b5950000 - 0x00007ff6b5987000 	C:\Program Files\Java\jre1.8.0_251\bin\javaw.exe
0x00007ffef6bf0000 - 0x00007ffef6de5000 	C:\WINDOWS\SYSTEM32\ntdll.dll
0x00007ffef5c60000 - 0x00007ffef5d1e000 	C:\WINDOWS\System32\KERNEL32.DLL
0x00007ffef4810000 - 0x00007ffef4ad9000 	C:\WINDOWS\System32\KERNELBASE.dll
0x00007ffef4ce0000 - 0x00007ffef4d8c000 	C:\WINDOWS\System32\ADVAPI32.dll
0x00007ffef4d90000 - 0x00007ffef4e2e000 	C:\WINDOWS\System32\msvcrt.dll
0x00007ffef52d0000 - 0x00007ffef536b000 	C:\WINDOWS\System32\sechost.dll
0x00007ffef5f90000 - 0x00007ffef60ba000 	C:\WINDOWS\System32\RPCRT4.dll
0x00007ffef5370000 - 0x00007ffef5511000 	C:\WINDOWS\System32\USER32.dll
0x00007ffef4560000 - 0x00007ffef4582000 	C:\WINDOWS\System32\win32u.dll
0x00007ffef4ca0000 - 0x00007ffef4ccb000 	C:\WINDOWS\System32\GDI32.dll
0x00007ffef4610000 - 0x00007ffef471b000 	C:\WINDOWS\System32\gdi32full.dll
0x00007ffef44c0000 - 0x00007ffef455d000 	C:\WINDOWS\System32\msvcp_win.dll
0x00007ffef43c0000 - 0x00007ffef44c0000 	C:\WINDOWS\System32\ucrtbase.dll
0x00007ffee3860000 - 0x00007ffee3afa000 	C:\WINDOWS\WinSxS\amd64_microsoft.windows.common-controls_6595b64144ccf1df_6.0.19041.1110_none_60b5254171f9507e\COMCTL32.dll
0x00007ffef60c0000 - 0x00007ffef60f0000 	C:\WINDOWS\System32\IMM32.DLL
0x0000000057d00000 - 0x0000000057dd2000 	C:\Program Files\Java\jre1.8.0_251\bin\msvcr100.dll
0x0000000057450000 - 0x0000000057cfb000 	C:\Program Files\Java\jre1.8.0_251\bin\server\jvm.dll
0x00007ffef5c50000 - 0x00007ffef5c58000 	C:\WINDOWS\System32\PSAPI.DLL
0x00007ffeebfb0000 - 0x00007ffeebfba000 	C:\WINDOWS\SYSTEM32\VERSION.dll
0x00007ffee0d00000 - 0x00007ffee0d27000 	C:\WINDOWS\SYSTEM32\WINMM.dll
0x00007ffee6f40000 - 0x00007ffee6f49000 	C:\WINDOWS\SYSTEM32\WSOCK32.dll
0x00007ffef5b10000 - 0x00007ffef5b7b000 	C:\WINDOWS\System32\WS2_32.dll
0x00007ffeefe40000 - 0x00007ffeefe4f000 	C:\Program Files\Java\jre1.8.0_251\bin\verify.dll
0x00007ffeefe10000 - 0x00007ffeefe39000 	C:\Program Files\Java\jre1.8.0_251\bin\java.dll
0x00007ffeedba0000 - 0x00007ffeedbb6000 	C:\Program Files\Java\jre1.8.0_251\bin\zip.dll
0x00007ffef60f0000 - 0x00007ffef682f000 	C:\WINDOWS\System32\SHELL32.dll
0x00007ffef2410000 - 0x00007ffef2ba0000 	C:\WINDOWS\SYSTEM32\windows.storage.dll
0x00007ffef4e30000 - 0x00007ffef5185000 	C:\WINDOWS\System32\combase.dll
0x00007ffef3cf0000 - 0x00007ffef3d1c000 	C:\WINDOWS\SYSTEM32\Wldp.dll
0x00007ffef5b80000 - 0x00007ffef5c2e000 	C:\WINDOWS\System32\SHCORE.dll
0x00007ffef5f30000 - 0x00007ffef5f85000 	C:\WINDOWS\System32\shlwapi.dll
0x00007ffef4250000 - 0x00007ffef426f000 	C:\WINDOWS\SYSTEM32\profapi.dll
0x00007ffee6c40000 - 0x00007ffee6c4d000 	C:\Program Files\Java\jre1.8.0_251\bin\management.dll
0x00007ffedea50000 - 0x00007ffedea6a000 	C:\Program Files\Java\jre1.8.0_251\bin\net.dll
0x00007ffef39f0000 - 0x00007ffef3a5a000 	C:\WINDOWS\system32\mswsock.dll
0x00007ffed6f30000 - 0x00007ffed6f47000 	C:\WINDOWS\system32\napinsp.dll
0x00007ffed6ea0000 - 0x00007ffed6ebb000 	C:\WINDOWS\system32\pnrpnsp.dll
0x00007ffed6e80000 - 0x00007ffed6e95000 	C:\WINDOWS\system32\wshbth.dll
0x00007ffeefd70000 - 0x00007ffeefd8d000 	C:\WINDOWS\system32\NLAapi.dll
0x00007ffef36e0000 - 0x00007ffef371b000 	C:\WINDOWS\SYSTEM32\IPHLPAPI.DLL
0x00007ffef3720000 - 0x00007ffef37ec000 	C:\WINDOWS\SYSTEM32\DNSAPI.dll
0x00007ffef4cd0000 - 0x00007ffef4cd8000 	C:\WINDOWS\System32\NSI.dll
0x00007ffed6e60000 - 0x00007ffed6e72000 	C:\WINDOWS\System32\winrnr.dll
0x00007ffee6ac0000 - 0x00007ffee6aca000 	C:\Windows\System32\rasadhlp.dll
0x00007ffee70f0000 - 0x00007ffee716f000 	C:\WINDOWS\System32\fwpuclnt.dll
0x00007ffef45e0000 - 0x00007ffef4607000 	C:\WINDOWS\System32\bcrypt.dll
0x00007ffedce20000 - 0x00007ffedce32000 	C:\Program Files\Java\jre1.8.0_251\bin\nio.dll
0x00007ffef3be0000 - 0x00007ffef3bf8000 	C:\WINDOWS\SYSTEM32\CRYPTSP.dll
0x00007ffef3370000 - 0x00007ffef33a4000 	C:\WINDOWS\system32\rsaenh.dll
0x00007ffef4210000 - 0x00007ffef423e000 	C:\WINDOWS\SYSTEM32\USERENV.dll
0x00007ffef4720000 - 0x00007ffef47a3000 	C:\WINDOWS\System32\bcryptprimitives.dll
0x00007ffef3c00000 - 0x00007ffef3c0c000 	C:\WINDOWS\SYSTEM32\CRYPTBASE.dll
0x00007ffee78e0000 - 0x00007ffee78f7000 	C:\WINDOWS\SYSTEM32\dhcpcsvc6.DLL
0x00007ffeeb600000 - 0x00007ffeeb61d000 	C:\WINDOWS\SYSTEM32\dhcpcsvc.DLL

VM Arguments:
jvm_args: -Dfile.encoding=UTF-8 
java_command: com.mindtree.employeemanagerapp.EmployeeManagementApplication
java_class_path (initial): C:\Users\mylaptop\Downloads\Employee-management-System-with-Angular-and-spring-boot-main\Employee-management-System-with-Angular-and-spring-boot-main\springboot-backend\target\classes;C:\Users\mylaptop\.m2\repository\org\springframework\boot\spring-boot-starter-data-jpa\2.3.0.RELEASE\spring-boot-starter-data-jpa-2.3.0.RELEASE.jar;C:\Users\mylaptop\.m2\repository\org\springframework\boot\spring-boot-starter-aop\2.3.0.RELEASE\spring-boot-starter-aop-2.3.0.RELEASE.jar;C:\Users\mylaptop\.m2\repository\org\springframework\spring-aop\5.2.6.RELEASE\spring-aop-5.2.6.RELEASE.jar;C:\Users\mylaptop\.m2\repository\org\aspectj\aspectjweaver\1.9.5\aspectjweaver-1.9.5.jar;C:\Users\mylaptop\.m2\repository\org\springframework\boot\spring-boot-starter-jdbc\2.3.0.RELEASE\spring-boot-starter-jdbc-2.3.0.RELEASE.jar;C:\Users\mylaptop\.m2\repository\com\zaxxer\HikariCP\3.4.5\HikariCP-3.4.5.jar;C:\Users\mylaptop\.m2\repository\org\springframework\spring-jdbc\5.2.6.RELEASE\spring-jdbc-5.2.6.RELEASE.jar;C:\Users\mylaptop\.m2\repository\jakarta\transaction\jakarta.transaction-api\1.3.3\jakarta.transaction-api-1.3.3.jar;C:\Users\mylaptop\.m2\repository\jakarta\persistence\jakarta.persistence-api\2.2.3\jakarta.persistence-api-2.2.3.jar;C:\Users\mylaptop\.m2\repository\org\hibernate\hibernate-core\5.4.15.Final\hibernate-core-5.4.15.Final.jar;C:\Users\mylaptop\.m2\repository\org\jboss\logging\jboss-logging\3.4.1.Final\jboss-logging-3.4.1.Final.jar;C:\Users\mylaptop\.m2\repository\org\javassist\javassist\3.24.0-GA\javassist-3.24.0-GA.jar;C:\Users\mylaptop\.m2\repository\net\bytebuddy\byte-buddy\1.10.10\byte-buddy-1.10.10.jar;C:\Users\mylaptop\.m2\repository\antlr\antlr\2.7.7\antlr-2.7.7.jar;C:\Users\mylaptop\.m2\repository\org\jboss\jandex\2.1.3.Final\jandex-2.1.3.Final.jar;C:\Users\mylaptop\.m2\repository\com\fasterxml\classmate\1.5.1\classmate-1.5.1.jar;C:\Users\mylaptop\.m2\repository\org\dom4j\dom4j\2.1.3\dom4j-2.1.3.jar;C:\Users\mylaptop\.m2\repository\org\hiberna
Launcher Type: SUN_STANDARD

Environment Variables:
PATH=C:/Users/mylaptop/.p2/pool/plugins/org.eclipse.justj.openjdk.hotspot.jre.full.win32.x86_64_16.0.2.v20210721-1149/jre/bin/server;C:/Users/mylaptop/.p2/pool/plugins/org.eclipse.justj.openjdk.hotspot.jre.full.win32.x86_64_16.0.2.v20210721-1149/jre/bin;C:\Program Files (x86)\Common Files\Oracle\Java\javapath;C:\oraclexe\app\oracle\product\10.2.0\server\bin;C:\ProgramData\Oracle\Java\javapath;C:\WINDOWS\system32;C:\WINDOWS;C:\WINDOWS\System32\Wbem;C:\WINDOWS\System32\WindowsPowerShell\v1.0\;C:\Program Files (x86)\IVI Foundation\VISA\WinNT\Bin\;C:\Program Files\IVI Foundation\VISA\Win64\Bin\;C:\Program Files (x86)\IVI Foundation\VISA\WinNT\Bin;C:\WINDOWS\System32\OpenSSH\;C:\Program Files\Java\jdk1.8.0_251\bin;C:\Program Files\Intel\WiFi\bin\;C:\Program Files\Common Files\Intel\WirelessCommon\;C:\Program Files\nodejs\;C:\Program Files\MySQL\MySQL Shell 8.0\bin\;C:\Program Files\Java\jre1.8.0_251\bin;C:\Users\mylaptop\AppData\Local\Programs\Microsoft VS Code\bin;C:\Users\mylaptop\AppData\Roaming\npm;C:\WINDOWS\system32;
USERNAME=mylaptop
OS=Windows_NT
PROCESSOR_IDENTIFIER=Intel64 Family 6 Model 78 Stepping 3, GenuineIntel



---------------  S Y S T E M  ---------------

OS: Windows 10.0 , 64 bit Build 19041 (10.0.19041.1202)

CPU:total 4 (initial active 4) (2 cores per cpu, 2 threads per core) family 6 model 78 stepping 3, cmov, cx8, fxsr, mmx, sse, sse2, sse3, ssse3, sse4.1, sse4.2, popcnt, avx, avx2, aes, clmul, erms, 3dnowpref, lzcnt, ht, tsc, tscinvbit, bmi1, bmi2, adx

Memory: 4k page, physical 8266752k(1224624k free), swap 9315328k(5944k free)

vm_info: Java HotSpot(TM) 64-Bit Server VM (25.251-b08) for windows-amd64 JRE (1.8.0_251-b08), built on Mar 12 2020 06:31:49 by "" with MS VC++ 10.0 (VS2010)

time: Tue Oct 12 12:18:39 2021
timezone: India Standard Time
elapsed time: 8 seconds (0d 0h 0m 8s)

