#
# There is insufficient memory for the Java Runtime Environment to continue.
# Native memory allocation (malloc) failed to allocate 596080 bytes for Chunk::new
# Possible reasons:
#   The system is out of physical RAM or swap space
#   The process is running with CompressedOops enabled, and the Java Heap may be blocking the growth of the native heap
# Possible solutions:
#   Reduce memory load on the system
#   Increase physical memory or swap space
#   Check if swap backing store is full
#   Decrease Java heap size (-Xmx/-Xms)
#   Decrease number of Java threads
#   Decrease Java thread stack sizes (-Xss)
#   Set larger code cache with -XX:ReservedCodeCacheSize=
#   JVM is running with Unscaled Compressed Oops mode in which the Java heap is
#     placed in the first 4GB address space. The Java Heap base address is the
#     maximum limit for the native heap growth. Please use -XX:HeapBaseMinAddress
#     to set the Java Heap base and to place the Java Heap above 4GB virtual address.
# This output file may be truncated or incomplete.
#
#  Out of Memory Error (allocation.cpp:389), pid=10456, tid=0x00000000000020f0
#
# JRE version: Java(TM) SE Runtime Environment (8.0_251-b08) (build 1.8.0_251-b08)
# Java VM: Java HotSpot(TM) 64-Bit Server VM (25.251-b08 mixed mode windows-amd64 compressed oops)
# Failed to write core dump. Minidumps are not enabled by default on client versions of Windows
#

---------------  T H R E A D  ---------------

Current thread (0x00000000175e5000):  JavaThread "C2 CompilerThread0" daemon [_thread_in_native, id=8432, stack(0x0000000018c50000,0x0000000018d50000)]

Stack: [0x0000000018c50000,0x0000000018d50000]
[error occurred during error reporting (printing stack bounds), id 0xc0000005]

Native frames: (J=compiled Java code, j=interpreted, Vv=VM code, C=native code)


Current CompileTask:
C2:   8002 2933       4       java.net.URLStreamHandler::parseURL (1193 bytes)


---------------  P R O C E S S  ---------------

Java Threads: ( => current thread )
  0x000000001ad08800 JavaThread "container-0" [_thread_blocked, id=10856, stack(0x000000001f710000,0x000000001f810000)]
  0x000000001ad06800 JavaThread "Catalina-utility-2" [_thread_blocked, id=13300, stack(0x000000001f610000,0x000000001f710000)]
  0x000000001ad05000 JavaThread "Catalina-utility-1" [_thread_blocked, id=2656, stack(0x000000001a090000,0x000000001a190000)]
  0x0000000019c04000 JavaThread "restartedMain" [_thread_in_vm, id=13188, stack(0x0000000019f90000,0x000000001a090000)]
  0x0000000019c03000 JavaThread "Thread-0" [_thread_blocked, id=11172, stack(0x0000000019e90000,0x0000000019f90000)]
  0x0000000018f78800 JavaThread "Service Thread" daemon [_thread_blocked, id=9784, stack(0x0000000019350000,0x0000000019450000)]
  0x00000000175f5000 JavaThread "C1 CompilerThread2" daemon [_thread_in_native, id=4180, stack(0x0000000018e50000,0x0000000018f50000)]
  0x00000000175ed800 JavaThread "C2 CompilerThread1" daemon [_thread_in_vm, id=12760, stack(0x0000000018d50000,0x0000000018e50000)]
=>0x00000000175e5000 JavaThread "C2 CompilerThread0" daemon [_thread_in_native, id=8432, stack(0x0000000018c50000,0x0000000018d50000)]
  0x00000000175e3000 JavaThread "Attach Listener" daemon [_thread_blocked, id=12604, stack(0x0000000018b50000,0x0000000018c50000)]
  0x00000000175e1800 JavaThread "Signal Dispatcher" daemon [_thread_blocked, id=10012, stack(0x0000000018a50000,0x0000000018b50000)]
  0x00000000029ad800 JavaThread "Finalizer" daemon [_thread_blocked, id=10432, stack(0x0000000018850000,0x0000000018950000)]
  0x00000000029a4800 JavaThread "Reference Handler" daemon [_thread_blocked, id=13084, stack(0x0000000018750000,0x0000000018850000)]
  0x00000000028b5000 JavaThread "main" [_thread_blocked, id=12440, stack(0x0000000002720000,0x0000000002820000)]

Other Threads:
  0x00000000175a8000 VMThread [stack: 0x0000000018650000,0x0000000018750000] [id=9116]
  0x0000000018fad800 WatcherThread [stack: 0x0000000019450000,0x0000000019550000] [id=2264]

VM state:not at safepoint (normal execution)

VM Mutex/Monitor currently owned by a thread:  ([mutex/lock_event])
[0x00000000028b1780] CodeCache_lock - owner thread: 0x0000000000000000

heap address: 0x0000000081c00000, size: 2020 MB, Compressed Oops mode: 32-bit
Narrow klass base: 0x0000000000000000, Narrow klass shift: 3
Compressed class space size: 1073741824 Address: 0x0000000100000000

Heap:
 PSYoungGen      total 140288K, used 44434K [0x00000000d5f00000, 0x00000000e4500000, 0x0000000100000000)
  eden space 131584K, 27% used [0x00000000d5f00000,0x00000000d81e6340,0x00000000ddf80000)
  from space 8704K, 99% used [0x00000000de980000,0x00000000df1fe870,0x00000000df200000)
  to   space 10240K, 0% used [0x00000000ddf80000,0x00000000ddf80000,0x00000000de980000)
 ParOldGen       total 53248K, used 7234K [0x0000000081c00000, 0x0000000085000000, 0x00000000d5f00000)
  object space 53248K, 13% used [0x0000000081c00000,0x0000000082310900,0x0000000085000000)
 Metaspace       used 28870K, capacity 30658K, committed 30976K, reserved 1077248K
  class space    used 3723K, capacity 4024K, committed 4096K, reserved 1048576K

Card table byte_map: [0x0000000011e70000,0x0000000012270000] byte_map_base: 0x0000000011a62000

Marking Bits: (ParMarkBitMap*) 0x0000000057c7af90
 Begin Bits: [0x0000000012920000, 0x00000000148b0000)
 End Bits:   [0x00000000148b0000, 0x0000000016840000)

Polling page: 0x0000000000aa0000

CodeCache: size=245760Kb used=9923Kb max_used=9926Kb free=235836Kb
 bounds [0x0000000002ab0000, 0x0000000003470000, 0x0000000011ab0000]
 total_blobs=3339 nmethods=2950 adapters=301
 compilation: enabled

Compilation events (10 events):
Event: 7.964 Thread 0x00000000175f5000 3000       3       java.util.Hashtable::access$100 (6 bytes)
Event: 7.964 Thread 0x00000000175f5000 nmethod 3000 0x0000000002c35dd0 code [0x0000000002c35f40, 0x0000000002c36228]
Event: 7.964 Thread 0x00000000175f5000 3001       3       java.util.Hashtable::getIterator (22 bytes)
Event: 7.965 Thread 0x00000000175f5000 nmethod 3001 0x000000000345f790 code [0x000000000345f900, 0x000000000345fba8]
Event: 7.965 Thread 0x00000000175f5000 2998       3       org.springframework.boot.env.OriginTrackedMapPropertySource::getProperty (23 bytes)
Event: 7.965 Thread 0x00000000175f5000 nmethod 2998 0x000000000345edd0 code [0x000000000345ef80, 0x000000000345f5d8]
Event: 7.986 Thread 0x00000000175f5000 3005       3       org.springframework.boot.context.properties.source.ConfigurationPropertyName::of (6 bytes)
Event: 7.986 Thread 0x00000000175f5000 nmethod 3005 0x0000000002c697d0 code [0x0000000002c69960, 0x0000000002c69de8]
Event: 7.988 Thread 0x00000000175ed800 nmethod 2973 0x0000000003465e90 code [0x0000000003466140, 0x0000000003467608]
Event: 7.988 Thread 0x00000000175ed800 2983       4       java.util.AbstractCollection::toArray (147 bytes)

GC Heap History (10 events):
Event: 3.148 GC heap before
{Heap before GC invocations=5 (full 0):
 PSYoungGen      total 71680K, used 71659K [0x00000000d5f00000, 0x00000000daa00000, 0x0000000100000000)
  eden space 66560K, 100% used [0x00000000d5f00000,0x00000000da000000,0x00000000da000000)
  from space 5120K, 99% used [0x00000000da500000,0x00000000da9faf98,0x00000000daa00000)
  to   space 5120K, 0% used [0x00000000da000000,0x00000000da000000,0x00000000da500000)
 ParOldGen       total 87552K, used 2527K [0x0000000081c00000, 0x0000000087180000, 0x00000000d5f00000)
  object space 87552K, 2% used [0x0000000081c00000,0x0000000081e77c80,0x0000000087180000)
 Metaspace       used 19028K, capacity 19724K, committed 20096K, reserved 1067008K
  class space    used 2393K, capacity 2573K, committed 2688K, reserved 1048576K
Event: 3.163 GC heap after
Heap after GC invocations=5 (full 0):
 PSYoungGen      total 71680K, used 5114K [0x00000000d5f00000, 0x00000000df200000, 0x0000000100000000)
  eden space 66560K, 0% used [0x00000000d5f00000,0x00000000d5f00000,0x00000000da000000)
  from space 5120K, 99% used [0x00000000da000000,0x00000000da4fea40,0x00000000da500000)
  to   space 8704K, 0% used [0x00000000de980000,0x00000000de980000,0x00000000df200000)
 ParOldGen       total 87552K, used 4179K [0x0000000081c00000, 0x0000000087180000, 0x00000000d5f00000)
  object space 87552K, 4% used [0x0000000081c00000,0x0000000082014c20,0x0000000087180000)
 Metaspace       used 19028K, capacity 19724K, committed 20096K, reserved 1067008K
  class space    used 2393K, capacity 2573K, committed 2688K, reserved 1048576K
}
Event: 3.557 GC heap before
{Heap before GC invocations=6 (full 0):
 PSYoungGen      total 71680K, used 71674K [0x00000000d5f00000, 0x00000000df200000, 0x0000000100000000)
  eden space 66560K, 100% used [0x00000000d5f00000,0x00000000da000000,0x00000000da000000)
  from space 5120K, 99% used [0x00000000da000000,0x00000000da4fea40,0x00000000da500000)
  to   space 8704K, 0% used [0x00000000de980000,0x00000000de980000,0x00000000df200000)
 ParOldGen       total 87552K, used 4179K [0x0000000081c00000, 0x0000000087180000, 0x00000000d5f00000)
  object space 87552K, 4% used [0x0000000081c00000,0x0000000082014c20,0x0000000087180000)
 Metaspace       used 19699K, capacity 20488K, committed 20608K, reserved 1067008K
  class space    used 2461K, capacity 2658K, committed 2688K, reserved 1048576K
Event: 3.569 GC heap after
Heap after GC invocations=6 (full 0):
 PSYoungGen      total 141312K, used 6574K [0x00000000d5f00000, 0x00000000df300000, 0x0000000100000000)
  eden space 132608K, 0% used [0x00000000d5f00000,0x00000000d5f00000,0x00000000de080000)
  from space 8704K, 75% used [0x00000000de980000,0x00000000defeb970,0x00000000df200000)
  to   space 9216K, 0% used [0x00000000de080000,0x00000000de080000,0x00000000de980000)
 ParOldGen       total 87552K, used 4187K [0x0000000081c00000, 0x0000000087180000, 0x00000000d5f00000)
  object space 87552K, 4% used [0x0000000081c00000,0x0000000082016c20,0x0000000087180000)
 Metaspace       used 19699K, capacity 20488K, committed 20608K, reserved 1067008K
  class space    used 2461K, capacity 2658K, committed 2688K, reserved 1048576K
}
Event: 3.818 GC heap before
{Heap before GC invocations=7 (full 0):
 PSYoungGen      total 141312K, used 92710K [0x00000000d5f00000, 0x00000000df300000, 0x0000000100000000)
  eden space 132608K, 64% used [0x00000000d5f00000,0x00000000db31e120,0x00000000de080000)
  from space 8704K, 75% used [0x00000000de980000,0x00000000defeb970,0x00000000df200000)
  to   space 9216K, 0% used [0x00000000de080000,0x00000000de080000,0x00000000de980000)
 ParOldGen       total 87552K, used 4187K [0x0000000081c00000, 0x0000000087180000, 0x00000000d5f00000)
  object space 87552K, 4% used [0x0000000081c00000,0x0000000082016c20,0x0000000087180000)
 Metaspace       used 20360K, capacity 21158K, committed 21248K, reserved 1067008K
  class space    used 2540K, capacity 2737K, committed 2816K, reserved 1048576K
Event: 3.829 GC heap after
Heap after GC invocations=7 (full 0):
 PSYoungGen      total 141824K, used 4483K [0x00000000d5f00000, 0x00000000df300000, 0x0000000100000000)
  eden space 132608K, 0% used [0x00000000d5f00000,0x00000000d5f00000,0x00000000de080000)
  from space 9216K, 48% used [0x00000000de080000,0x00000000de4e0fe0,0x00000000de980000)
  to   space 8704K, 0% used [0x00000000de980000,0x00000000de980000,0x00000000df200000)
 ParOldGen       total 87552K, used 5918K [0x0000000081c00000, 0x0000000087180000, 0x00000000d5f00000)
  object space 87552K, 6% used [0x0000000081c00000,0x00000000821c7ba0,0x0000000087180000)
 Metaspace       used 20360K, capacity 21158K, committed 21248K, reserved 1067008K
  class space    used 2540K, capacity 2737K, committed 2816K, reserved 1048576K
}
Event: 3.829 GC heap before
{Heap before GC invocations=8 (full 1):
 PSYoungGen      total 141824K, used 4483K [0x00000000d5f00000, 0x00000000df300000, 0x0000000100000000)
  eden space 132608K, 0% used [0x00000000d5f00000,0x00000000d5f00000,0x00000000de080000)
  from space 9216K, 48% used [0x00000000de080000,0x00000000de4e0fe0,0x00000000de980000)
  to   space 8704K, 0% used [0x00000000de980000,0x00000000de980000,0x00000000df200000)
 ParOldGen       total 87552K, used 5918K [0x0000000081c00000, 0x0000000087180000, 0x00000000d5f00000)
  object space 87552K, 6% used [0x0000000081c00000,0x00000000821c7ba0,0x0000000087180000)
 Metaspace       used 20360K, capacity 21158K, committed 21248K, reserved 1067008K
  class space    used 2540K, capacity 2737K, committed 2816K, reserved 1048576K
Event: 3.880 GC heap after
Heap after GC invocations=8 (full 1):
 PSYoungGen      total 141824K, used 0K [0x00000000d5f00000, 0x00000000df300000, 0x0000000100000000)
  eden space 132608K, 0% used [0x00000000d5f00000,0x00000000d5f00000,0x00000000de080000)
  from space 9216K, 0% used [0x00000000de080000,0x00000000de080000,0x00000000de980000)
  to   space 8704K, 0% used [0x00000000de980000,0x00000000de980000,0x00000000df200000)
 ParOldGen       total 53248K, used 6031K [0x0000000081c00000, 0x0000000085000000, 0x00000000d5f00000)
  object space 53248K, 11% used [0x0000000081c00000,0x00000000821e3f90,0x0000000085000000)
 Metaspace       used 20359K, capacity 21152K, committed 21248K, reserved 1067008K
  class space    used 2540K, capacity 2736K, committed 2816K, reserved 1048576K
}
Event: 7.607 GC heap before
{Heap before GC invocations=9 (full 1):
 PSYoungGen      total 141824K, used 132597K [0x00000000d5f00000, 0x00000000df300000, 0x0000000100000000)
  eden space 132608K, 99% used [0x00000000d5f00000,0x00000000de07d738,0x00000000de080000)
  from space 9216K, 0% used [0x00000000de080000,0x00000000de080000,0x00000000de980000)
  to   space 8704K, 0% used [0x00000000de980000,0x00000000de980000,0x00000000df200000)
 ParOldGen       total 53248K, used 6031K [0x0000000081c00000, 0x0000000085000000, 0x00000000d5f00000)
  object space 53248K, 11% used [0x0000000081c00000,0x00000000821e3f90,0x0000000085000000)
 Metaspace       used 27882K, capacity 29570K, committed 29824K, reserved 1075200K
  class space    used 3592K, capacity 3882K, committed 3968K, reserved 1048576K
Event: 7.623 GC heap after
Heap after GC invocations=9 (full 1):
 PSYoungGen      total 140288K, used 8698K [0x00000000d5f00000, 0x00000000e4500000, 0x0000000100000000)
  eden space 131584K, 0% used [0x00000000d5f00000,0x00000000d5f00000,0x00000000ddf80000)
  from space 8704K, 99% used [0x00000000de980000,0x00000000df1fe870,0x00000000df200000)
  to   space 10240K, 0% used [0x00000000ddf80000,0x00000000ddf80000,0x00000000de980000)
 ParOldGen       total 53248K, used 7234K [0x0000000081c00000, 0x0000000085000000, 0x00000000d5f00000)
  object space 53248K, 13% used [0x0000000081c00000,0x0000000082310900,0x0000000085000000)
 Metaspace       used 27882K, capacity 29570K, committed 29824K, reserved 1075200K
  class space    used 3592K, capacity 3882K, committed 3968K, reserved 1048576K
}

Deoptimization events (10 events):
Event: 5.700 Thread 0x0000000019c04000 Uncommon trap: reason=predicate action=maybe_recompile pc=0x0000000003395b0c method=java.util.AbstractCollection.toArray([Ljava/lang/Object;)[Ljava/lang/Object; @ 49
Event: 5.784 Thread 0x0000000019c04000 Uncommon trap: reason=unstable_if action=reinterpret pc=0x000000000318edc4 method=java.util.LinkedHashMap.get(Ljava/lang/Object;)Ljava/lang/Object; @ 20
Event: 7.317 Thread 0x0000000019c04000 Uncommon trap: reason=array_check action=maybe_recompile pc=0x00000000033c5440 method=java.util.AbstractCollection.toArray([Ljava/lang/Object;)[Ljava/lang/Object; @ 119
Event: 7.317 Thread 0x0000000019c04000 Uncommon trap: reason=array_check action=maybe_recompile pc=0x00000000033c5440 method=java.util.AbstractCollection.toArray([Ljava/lang/Object;)[Ljava/lang/Object; @ 119
Event: 7.487 Thread 0x0000000019c04000 Uncommon trap: reason=array_check action=maybe_recompile pc=0x00000000033c5440 method=java.util.AbstractCollection.toArray([Ljava/lang/Object;)[Ljava/lang/Object; @ 119
Event: 7.487 Thread 0x0000000019c04000 Uncommon trap: reason=array_check action=maybe_recompile pc=0x00000000033c5440 method=java.util.AbstractCollection.toArray([Ljava/lang/Object;)[Ljava/lang/Object; @ 119
Event: 7.578 Thread 0x0000000019c04000 Uncommon trap: reason=class_check action=maybe_recompile pc=0x00000000030d5f7c method=java.util.zip.InflaterInputStream.read([BII)I @ 100
Event: 7.578 Thread 0x0000000019c04000 Uncommon trap: reason=class_check action=maybe_recompile pc=0x00000000030d5f7c method=java.util.zip.InflaterInputStream.read([BII)I @ 100
Event: 7.581 Thread 0x0000000019c04000 Uncommon trap: reason=class_check action=maybe_recompile pc=0x00000000030d5f7c method=java.util.zip.InflaterInputStream.read([BII)I @ 100
Event: 7.581 Thread 0x0000000019c04000 Uncommon trap: reason=class_check action=maybe_recompile pc=0x00000000030d5f7c method=java.util.zip.InflaterInputStream.read([BII)I @ 100

Classes redefined (0 events):
No events

Internal exceptions (10 events):
Event: 5.313 Thread 0x0000000019c04000 Exception <a 'java/lang/ClassNotFoundException': org/springframework/transaction/annotation/AbstractTransactionManagementConfigurationCustomizer> (0x00000000d8ebd940) thrown at [C:\jenkins\workspace\8-2-build-windows-amd64-cygwin\jdk8u251\737\hotspot\src\
Event: 5.315 Thread 0x0000000019c04000 Exception <a 'java/lang/ClassNotFoundException': org/springframework/transaction/annotation/ProxyTransactionManagementConfigurationCustomizer> (0x00000000d8edd0d0) thrown at [C:\jenkins\workspace\8-2-build-windows-amd64-cygwin\jdk8u251\737\hotspot\src\sha
Event: 5.316 Thread 0x0000000019c04000 Exception <a 'java/lang/ClassNotFoundException': org/springframework/context/annotation/ImportAwareCustomizer> (0x00000000d8ef79b0) thrown at [C:\jenkins\workspace\8-2-build-windows-amd64-cygwin\jdk8u251\737\hotspot\src\share\vm\classfile\systemDictionary
Event: 5.318 Thread 0x0000000019c04000 Exception <a 'java/lang/ClassNotFoundException': org/springframework/beans/factory/AwareCustomizer> (0x00000000d8f0c428) thrown at [C:\jenkins\workspace\8-2-build-windows-amd64-cygwin\jdk8u251\737\hotspot\src\share\vm\classfile\systemDictionary.cpp, line 
Event: 5.318 Thread 0x0000000019c04000 Implicit null exception at 0x00000000031da48c to 0x00000000031da60d
Event: 5.623 Thread 0x0000000019c04000 Exception <a 'java/lang/IncompatibleClassChangeError': Found class java.lang.Object, but interface was expected> (0x00000000d9902f30) thrown at [C:\jenkins\workspace\8-2-build-windows-amd64-cygwin\jdk8u251\737\hotspot\src\share\vm\interpreter\linkResolver
Event: 5.632 Thread 0x0000000019c04000 Exception <a 'java/lang/NoSuchMethodError': java.lang.Object.lambda$and$0(Ljava/util/function/Predicate;Ljava/lang/Object;)Z> (0x00000000d9947408) thrown at [C:\jenkins\workspace\8-2-build-windows-amd64-cygwin\jdk8u251\737\hotspot\src\share\vm\interpreter
Event: 7.782 Thread 0x0000000019c04000 Exception <a 'java/io/FileNotFoundException'> (0x00000000d7861090) thrown at [C:\jenkins\workspace\8-2-build-windows-amd64-cygwin\jdk8u251\737\hotspot\src\share\vm\prims\jni.cpp, line 710]
Event: 7.919 Thread 0x0000000019c04000 Exception <a 'java/io/FileNotFoundException'> (0x00000000d7c64950) thrown at [C:\jenkins\workspace\8-2-build-windows-amd64-cygwin\jdk8u251\737\hotspot\src\share\vm\prims\jni.cpp, line 710]
Event: 7.988 Thread 0x0000000019c04000 Exception <a 'java/lang/NoSuchMethodError': java.lang.Object.lambda$static$0(Ljava/lang/Object;)Ljava/lang/Object;> (0x00000000d8014290) thrown at [C:\jenkins\workspace\8-2-build-windows-amd64-cygwin\jdk8u251\737\hotspot\src\share\vm\interpreter\linkResol

Events (10 events):
Event: 7.989 loading class org/springframework/boot/context/properties/source/ConfigurationPropertyName
Event: 7.989 loading class org/springframework/boot/context/properties/source/ConfigurationPropertyName done
Event: 7.989 loading class org/springframework/boot/context/properties/source/ConfigurationPropertyName
Event: 7.989 loading class org/springframework/boot/context/properties/source/ConfigurationPropertyName done
Event: 7.989 loading class org/springframework/boot/context/properties/source/SpringIterableConfigurationPropertySource$ConfigurationPropertyNamesIterator
Event: 7.990 loading class org/springframework/boot/context/properties/source/SpringIterableConfigurationPropertySource$ConfigurationPropertyNamesIterator done
Event: 7.992 loading class java/sql/Connection
Event: 7.993 loading class java/sql/Connection done
Event: 7.993 loading class com/zaxxer/hikari/metrics/MetricsTrackerFactory
Event: 7.993 loading class com/zaxxer/hikari/metrics/MetricsTrackerFactory done


Dynamic libraries:
0x00007ff6b5950000 - 0x00007ff6b5987000 	C:\Program Files\Java\jre1.8.0_251\bin\javaw.exe
0x00007ffef6bf0000 - 0x00007ffef6de5000 	C:\WINDOWS\SYSTEM32\ntdll.dll
0x00007ffef5c60000 - 0x00007ffef5d1e000 	C:\WINDOWS\System32\KERNEL32.DLL
0x00007ffef4810000 - 0x00007ffef4ad9000 	C:\WINDOWS\System32\KERNELBASE.dll
0x00007ffef4ce0000 - 0x00007ffef4d8c000 	C:\WINDOWS\System32\ADVAPI32.dll
0x00007ffef4d90000 - 0x00007ffef4e2e000 	C:\WINDOWS\System32\msvcrt.dll
0x00007ffef52d0000 - 0x00007ffef536b000 	C:\WINDOWS\System32\sechost.dll
0x00007ffef5f90000 - 0x00007ffef60ba000 	C:\WINDOWS\System32\RPCRT4.dll
0x00007ffef5370000 - 0x00007ffef5511000 	C:\WINDOWS\System32\USER32.dll
0x00007ffef4560000 - 0x00007ffef4582000 	C:\WINDOWS\System32\win32u.dll
0x00007ffef4ca0000 - 0x00007ffef4ccb000 	C:\WINDOWS\System32\GDI32.dll
0x00007ffef4610000 - 0x00007ffef471b000 	C:\WINDOWS\System32\gdi32full.dll
0x00007ffef44c0000 - 0x00007ffef455d000 	C:\WINDOWS\System32\msvcp_win.dll
0x00007ffef43c0000 - 0x00007ffef44c0000 	C:\WINDOWS\System32\ucrtbase.dll
0x00007ffee3860000 - 0x00007ffee3afa000 	C:\WINDOWS\WinSxS\amd64_microsoft.windows.common-controls_6595b64144ccf1df_6.0.19041.1110_none_60b5254171f9507e\COMCTL32.dll
0x00007ffef60c0000 - 0x00007ffef60f0000 	C:\WINDOWS\System32\IMM32.DLL
0x0000000057d00000 - 0x0000000057dd2000 	C:\Program Files\Java\jre1.8.0_251\bin\msvcr100.dll
0x0000000057450000 - 0x0000000057cfb000 	C:\Program Files\Java\jre1.8.0_251\bin\server\jvm.dll
0x00007ffef5c50000 - 0x00007ffef5c58000 	C:\WINDOWS\System32\PSAPI.DLL
0x00007ffee6f40000 - 0x00007ffee6f49000 	C:\WINDOWS\SYSTEM32\WSOCK32.dll
0x00007ffee0d00000 - 0x00007ffee0d27000 	C:\WINDOWS\SYSTEM32\WINMM.dll
0x00007ffef5b10000 - 0x00007ffef5b7b000 	C:\WINDOWS\System32\WS2_32.dll
0x00007ffeebfb0000 - 0x00007ffeebfba000 	C:\WINDOWS\SYSTEM32\VERSION.dll
0x00007ffeefe40000 - 0x00007ffeefe4f000 	C:\Program Files\Java\jre1.8.0_251\bin\verify.dll
0x00007ffeefe10000 - 0x00007ffeefe39000 	C:\Program Files\Java\jre1.8.0_251\bin\java.dll
0x00007ffedea50000 - 0x00007ffedea66000 	C:\Program Files\Java\jre1.8.0_251\bin\zip.dll
0x00007ffef60f0000 - 0x00007ffef682f000 	C:\WINDOWS\System32\SHELL32.dll
0x00007ffef2410000 - 0x00007ffef2ba0000 	C:\WINDOWS\SYSTEM32\windows.storage.dll
0x00007ffef4e30000 - 0x00007ffef5185000 	C:\WINDOWS\System32\combase.dll
0x00007ffef3cf0000 - 0x00007ffef3d1c000 	C:\WINDOWS\SYSTEM32\Wldp.dll
0x00007ffef5b80000 - 0x00007ffef5c2e000 	C:\WINDOWS\System32\SHCORE.dll
0x00007ffef5f30000 - 0x00007ffef5f85000 	C:\WINDOWS\System32\shlwapi.dll
0x00007ffef4250000 - 0x00007ffef426f000 	C:\WINDOWS\SYSTEM32\profapi.dll
0x00007ffee6c40000 - 0x00007ffee6c4d000 	C:\Program Files\Java\jre1.8.0_251\bin\management.dll
0x00007ffedce20000 - 0x00007ffedce3a000 	C:\Program Files\Java\jre1.8.0_251\bin\net.dll
0x00007ffef39f0000 - 0x00007ffef3a5a000 	C:\WINDOWS\system32\mswsock.dll
0x00007ffed6f30000 - 0x00007ffed6f47000 	C:\WINDOWS\system32\napinsp.dll
0x00007ffed6ea0000 - 0x00007ffed6ebb000 	C:\WINDOWS\system32\pnrpnsp.dll
0x00007ffed6e80000 - 0x00007ffed6e95000 	C:\WINDOWS\system32\wshbth.dll
0x00007ffeefd70000 - 0x00007ffeefd8d000 	C:\WINDOWS\system32\NLAapi.dll
0x00007ffef36e0000 - 0x00007ffef371b000 	C:\WINDOWS\SYSTEM32\IPHLPAPI.DLL
0x00007ffef3720000 - 0x00007ffef37ec000 	C:\WINDOWS\SYSTEM32\DNSAPI.dll
0x00007ffef4cd0000 - 0x00007ffef4cd8000 	C:\WINDOWS\System32\NSI.dll
0x00007ffed6e60000 - 0x00007ffed6e72000 	C:\WINDOWS\System32\winrnr.dll
0x00007ffee6ac0000 - 0x00007ffee6aca000 	C:\Windows\System32\rasadhlp.dll
0x00007ffee70f0000 - 0x00007ffee716f000 	C:\WINDOWS\System32\fwpuclnt.dll
0x00007ffef45e0000 - 0x00007ffef4607000 	C:\WINDOWS\System32\bcrypt.dll
0x00007ffedc470000 - 0x00007ffedc482000 	C:\Program Files\Java\jre1.8.0_251\bin\nio.dll
0x00007ffef3be0000 - 0x00007ffef3bf8000 	C:\WINDOWS\SYSTEM32\CRYPTSP.dll
0x00007ffef3370000 - 0x00007ffef33a4000 	C:\WINDOWS\system32\rsaenh.dll
0x00007ffef4210000 - 0x00007ffef423e000 	C:\WINDOWS\SYSTEM32\USERENV.dll
0x00007ffef4720000 - 0x00007ffef47a3000 	C:\WINDOWS\System32\bcryptprimitives.dll
0x00007ffef3c00000 - 0x00007ffef3c0c000 	C:\WINDOWS\SYSTEM32\CRYPTBASE.dll
0x00007ffee78e0000 - 0x00007ffee78f7000 	C:\WINDOWS\SYSTEM32\dhcpcsvc6.DLL
0x00007ffeeb600000 - 0x00007ffeeb61d000 	C:\WINDOWS\SYSTEM32\dhcpcsvc.DLL

VM Arguments:
jvm_args: -Dfile.encoding=UTF-8 
java_command: com.mindtree.employeemanagerapp.EmployeeManagementApplication
java_class_path (initial): C:\Users\mylaptop\Downloads\Employee-management-System-with-Angular-and-spring-boot-main\Employee-management-System-with-Angular-and-spring-boot-main\springboot-backend\target\classes;C:\Users\mylaptop\.m2\repository\org\springframework\boot\spring-boot-starter-data-jpa\2.3.0.RELEASE\spring-boot-starter-data-jpa-2.3.0.RELEASE.jar;C:\Users\mylaptop\.m2\repository\org\springframework\boot\spring-boot-starter-aop\2.3.0.RELEASE\spring-boot-starter-aop-2.3.0.RELEASE.jar;C:\Users\mylaptop\.m2\repository\org\springframework\spring-aop\5.2.6.RELEASE\spring-aop-5.2.6.RELEASE.jar;C:\Users\mylaptop\.m2\repository\org\aspectj\aspectjweaver\1.9.5\aspectjweaver-1.9.5.jar;C:\Users\mylaptop\.m2\repository\org\springframework\boot\spring-boot-starter-jdbc\2.3.0.RELEASE\spring-boot-starter-jdbc-2.3.0.RELEASE.jar;C:\Users\mylaptop\.m2\repository\com\zaxxer\HikariCP\3.4.5\HikariCP-3.4.5.jar;C:\Users\mylaptop\.m2\repository\org\springframework\spring-jdbc\5.2.6.RELEASE\spring-jdbc-5.2.6.RELEASE.jar;C:\Users\mylaptop\.m2\repository\jakarta\transaction\jakarta.transaction-api\1.3.3\jakarta.transaction-api-1.3.3.jar;C:\Users\mylaptop\.m2\repository\jakarta\persistence\jakarta.persistence-api\2.2.3\jakarta.persistence-api-2.2.3.jar;C:\Users\mylaptop\.m2\repository\org\hibernate\hibernate-core\5.4.15.Final\hibernate-core-5.4.15.Final.jar;C:\Users\mylaptop\.m2\repository\org\jboss\logging\jboss-logging\3.4.1.Final\jboss-logging-3.4.1.Final.jar;C:\Users\mylaptop\.m2\repository\org\javassist\javassist\3.24.0-GA\javassist-3.24.0-GA.jar;C:\Users\mylaptop\.m2\repository\net\bytebuddy\byte-buddy\1.10.10\byte-buddy-1.10.10.jar;C:\Users\mylaptop\.m2\repository\antlr\antlr\2.7.7\antlr-2.7.7.jar;C:\Users\mylaptop\.m2\repository\org\jboss\jandex\2.1.3.Final\jandex-2.1.3.Final.jar;C:\Users\mylaptop\.m2\repository\com\fasterxml\classmate\1.5.1\classmate-1.5.1.jar;C:\Users\mylaptop\.m2\repository\org\dom4j\dom4j\2.1.3\dom4j-2.1.3.jar;C:\Users\mylaptop\.m2\repository\org\hiberna
Launcher Type: SUN_STANDARD

Environment Variables:
PATH=C:/Users/mylaptop/.p2/pool/plugins/org.eclipse.justj.openjdk.hotspot.jre.full.win32.x86_64_16.0.2.v20210721-1149/jre/bin/server;C:/Users/mylaptop/.p2/pool/plugins/org.eclipse.justj.openjdk.hotspot.jre.full.win32.x86_64_16.0.2.v20210721-1149/jre/bin;C:\Program Files (x86)\Common Files\Oracle\Java\javapath;C:\oraclexe\app\oracle\product\10.2.0\server\bin;C:\ProgramData\Oracle\Java\javapath;C:\WINDOWS\system32;C:\WINDOWS;C:\WINDOWS\System32\Wbem;C:\WINDOWS\System32\WindowsPowerShell\v1.0\;C:\Program Files (x86)\IVI Foundation\VISA\WinNT\Bin\;C:\Program Files\IVI Foundation\VISA\Win64\Bin\;C:\Program Files (x86)\IVI Foundation\VISA\WinNT\Bin;C:\WINDOWS\System32\OpenSSH\;C:\Program Files\Java\jdk1.8.0_251\bin;C:\Program Files\Intel\WiFi\bin\;C:\Program Files\Common Files\Intel\WirelessCommon\;C:\Program Files\nodejs\;C:\Program Files\MySQL\MySQL Shell 8.0\bin\;C:\Program Files\Java\jre1.8.0_251\bin;C:\Users\mylaptop\AppData\Local\Programs\Microsoft VS Code\bin;C:\Users\mylaptop\AppData\Roaming\npm;C:\WINDOWS\system32;
USERNAME=mylaptop
OS=Windows_NT
PROCESSOR_IDENTIFIER=Intel64 Family 6 Model 78 Stepping 3, GenuineIntel



---------------  S Y S T E M  ---------------

OS: Windows 10.0 , 64 bit Build 19041 (10.0.19041.1202)

CPU:total 4 (initial active 4) (2 cores per cpu, 2 threads per core) family 6 model 78 stepping 3, cmov, cx8, fxsr, mmx, sse, sse2, sse3, ssse3, sse4.1, sse4.2, popcnt, avx, avx2, aes, clmul, erms, 3dnowpref, lzcnt, ht, tsc, tscinvbit, bmi1, bmi2, adx

Memory: 4k page, physical 8266752k(1217488k free), swap 9315328k(5120k free)

vm_info: Java HotSpot(TM) 64-Bit Server VM (25.251-b08) for windows-amd64 JRE (1.8.0_251-b08), built on Mar 12 2020 06:31:49 by "" with MS VC++ 10.0 (VS2010)

time: Tue Oct 12 12:18:06 2021
timezone: India Standard Time
elapsed time: 8 seconds (0d 0h 0m 8s)

